[  0%] Built target std_msgs_generate_messages_cpp
[  2%] [32mBuilding CXX object CMakeFiles/tf_robot.dir/src/nodes/tf/tf_robot.cpp.o[0m
[  5%] [32mBuilding CXX object CMakeFiles/simple_navigation_goal.dir/src/nodes/actions/simple_navigation_goal.cpp.o[0m
[  5%] Built target _heron_generate_messages_check_deps_winch
[01m[K/root/workspace/catkin_ws/src/heron_software/src/nodes/actions/simple_navigation_goal.cpp:5:26:[m[K [01;31m[Kfatal error: [m[Kheron/Motion.h: No such file or directory
compilation terminated.
CMakeFiles/simple_navigation_goal.dir/build.make:62: recipe for target 'CMakeFiles/simple_navigation_goal.dir/src/nodes/actions/simple_navigation_goal.cpp.o' failed
make[2]: *** [CMakeFiles/simple_navigation_goal.dir/src/nodes/actions/simple_navigation_goal.cpp.o] Error 1
CMakeFiles/Makefile2:67: recipe for target 'CMakeFiles/simple_navigation_goal.dir/all' failed
make[1]: *** [CMakeFiles/simple_navigation_goal.dir/all] Error 2
make[1]: *** Waiting for unfinished jobs....
[  5%] Built target _heron_generate_messages_check_deps_ValueUnitInt
[  5%] Built target _heron_generate_messages_check_deps_ValueUnitFloat
[01m[K/root/workspace/catkin_ws/src/heron_software/src/nodes/tf/tf_robot.cpp:5:25:[m[K [01;31m[Kfatal error: [m[Kheron/winch.h: No such file or directory
compilation terminated.
CMakeFiles/tf_robot.dir/build.make:62: recipe for target 'CMakeFiles/tf_robot.dir/src/nodes/tf/tf_robot.cpp.o' failed
make[2]: *** [CMakeFiles/tf_robot.dir/src/nodes/tf/tf_robot.cpp.o] Error 1
CMakeFiles/Makefile2:104: recipe for target 'CMakeFiles/tf_robot.dir/all' failed
make[1]: *** [CMakeFiles/tf_robot.dir/all] Error 2
Makefile:138: recipe for target 'all' failed
make: *** [all] Error 2
